app/build/intermediates/manifest_merge_blame_file/debug/processDebugMainManifest/manifest-merger-blame-debug-report.txt
1<?xml version="1.0" encoding="utf-8"?>
2<manifest xmlns:android="http://schemas.android.com/apk/res/android"
3    package="com.benidict.buy_now"
4    android:versionCode="1"
5    android:versionName="1.0" >
6
7    <uses-sdk
8        android:minSdkVersion="24"
9        android:targetSdkVersion="34" />
10
11    <permission
11-->[androidx.core:core:1.15.0] AndroidManifest.xml:22:5-24:47
12        android:name="com.benidict.buy_now.DYNAMIC_RECEIVER_NOT_EXPORTED_PERMISSION"
12-->[androidx.core:core:1.15.0] AndroidManifest.xml:23:9-81
13        android:protectionLevel="signature" />
13-->[androidx.core:core:1.15.0] AndroidManifest.xml:24:9-44
14
15    <uses-permission android:name="com.benidict.buy_now.DYNAMIC_RECEIVER_NOT_EXPORTED_PERMISSION" />
15-->[androidx.core:core:1.15.0] AndroidManifest.xml:26:5-97
15-->[androidx.core:core:1.15.0] AndroidManifest.xml:26:22-94
16    <uses-permission android:name="android.permission.REORDER_TASKS" />
16-->[androidx.test:core:1.5.0] AndroidManifest.xml:24:5-72
16-->[androidx.test:core:1.5.0] AndroidManifest.xml:24:22-69
17
18    <queries>
18-->[androidx.test:runner:1.5.0] AndroidManifest.xml:24:5-28:15
19        <package android:name="androidx.test.orchestrator" />
19-->[androidx.test:runner:1.5.0] AndroidManifest.xml:25:9-62
19-->[androidx.test:runner:1.5.0] AndroidManifest.xml:25:18-59
20        <package android:name="androidx.test.services" />
20-->[androidx.test:runner:1.5.0] AndroidManifest.xml:26:9-58
20-->[androidx.test:runner:1.5.0] AndroidManifest.xml:26:18-55
21        <package android:name="com.google.android.apps.common.testing.services" />
21-->[androidx.test:runner:1.5.0] AndroidManifest.xml:27:9-83
21-->[androidx.test:runner:1.5.0] AndroidManifest.xml:27:18-80
22    </queries>
23
24    <application
24-->src/main/AndroidManifest.xml:5:5-27:19
25        android:name="com.benidict.buy_now.base.BaseApp"
25-->src/main/AndroidManifest.xml:7:9-37
26        android:allowBackup="true"
26-->src/main/AndroidManifest.xml:6:9-35
27        android:appComponentFactory="androidx.core.app.CoreComponentFactory"
27-->[androidx.core:core:1.15.0] AndroidManifest.xml:28:18-86
28        android:dataExtractionRules="@xml/data_extraction_rules"
28-->src/main/AndroidManifest.xml:8:9-65
29        android:debuggable="true"
30        android:extractNativeLibs="false"
31        android:fullBackupContent="@xml/backup_rules"
31-->src/main/AndroidManifest.xml:9:9-54
32        android:icon="@mipmap/ic_launcher"
32-->src/main/AndroidManifest.xml:10:9-43
33        android:label="@string/app_name"
33-->src/main/AndroidManifest.xml:11:9-41
34        android:roundIcon="@mipmap/ic_launcher_round"
34-->src/main/AndroidManifest.xml:12:9-54
35        android:supportsRtl="true"
35-->src/main/AndroidManifest.xml:13:9-35
36        android:testOnly="true"
37        android:theme="@style/Theme.Buynow" >
37-->src/main/AndroidManifest.xml:14:9-44
38        <activity
38-->src/main/AndroidManifest.xml:16:9-26:20
39            android:name="com.benidict.buy_now.MainActivity"
39-->src/main/AndroidManifest.xml:17:13-41
40            android:exported="true"
40-->src/main/AndroidManifest.xml:18:13-36
41            android:label="@string/app_name"
41-->src/main/AndroidManifest.xml:19:13-45
42            android:theme="@style/Theme.Buynow" >
42-->src/main/AndroidManifest.xml:20:13-48
43            <intent-filter>
43-->src/main/AndroidManifest.xml:21:13-25:29
44                <action android:name="android.intent.action.MAIN" />
44-->src/main/AndroidManifest.xml:22:17-69
44-->src/main/AndroidManifest.xml:22:25-66
45
46                <category android:name="android.intent.category.LAUNCHER" />
46-->src/main/AndroidManifest.xml:24:17-77
46-->src/main/AndroidManifest.xml:24:27-74
47            </intent-filter>
48        </activity>
49        <activity
49-->[androidx.compose.ui:ui-tooling-android:1.7.8] AndroidManifest.xml:23:9-25:39
50            android:name="androidx.compose.ui.tooling.PreviewActivity"
50-->[androidx.compose.ui:ui-tooling-android:1.7.8] AndroidManifest.xml:24:13-71
51            android:exported="true" />
51-->[androidx.compose.ui:ui-tooling-android:1.7.8] AndroidManifest.xml:25:13-36
52
53        <provider
53-->[androidx.emoji2:emoji2:1.3.0] AndroidManifest.xml:24:9-32:20
54            android:name="androidx.startup.InitializationProvider"
54-->[androidx.emoji2:emoji2:1.3.0] AndroidManifest.xml:25:13-67
55            android:authorities="com.benidict.buy_now.androidx-startup"
55-->[androidx.emoji2:emoji2:1.3.0] AndroidManifest.xml:26:13-68
56            android:exported="false" >
56-->[androidx.emoji2:emoji2:1.3.0] AndroidManifest.xml:27:13-37
57            <meta-data
57-->[androidx.emoji2:emoji2:1.3.0] AndroidManifest.xml:29:13-31:52
58                android:name="androidx.emoji2.text.EmojiCompatInitializer"
58-->[androidx.emoji2:emoji2:1.3.0] AndroidManifest.xml:30:17-75
59                android:value="androidx.startup" />
59-->[androidx.emoji2:emoji2:1.3.0] AndroidManifest.xml:31:17-49
60            <meta-data
60-->[androidx.lifecycle:lifecycle-process:2.8.7] AndroidManifest.xml:29:13-31:52
61                android:name="androidx.lifecycle.ProcessLifecycleInitializer"
61-->[androidx.lifecycle:lifecycle-process:2.8.7] AndroidManifest.xml:30:17-78
62                android:value="androidx.startup" />
62-->[androidx.lifecycle:lifecycle-process:2.8.7] AndroidManifest.xml:31:17-49
63            <meta-data
63-->[androidx.profileinstaller:profileinstaller:1.4.0] AndroidManifest.xml:29:13-31:52
64                android:name="androidx.profileinstaller.ProfileInstallerInitializer"
64-->[androidx.profileinstaller:profileinstaller:1.4.0] AndroidManifest.xml:30:17-85
65                android:value="androidx.startup" />
65-->[androidx.profileinstaller:profileinstaller:1.4.0] AndroidManifest.xml:31:17-49
66        </provider>
67
68        <activity
68-->[androidx.test:core:1.5.0] AndroidManifest.xml:27:9-34:20
69            android:name="androidx.test.core.app.InstrumentationActivityInvoker$BootstrapActivity"
69-->[androidx.test:core:1.5.0] AndroidManifest.xml:28:13-99
70            android:exported="true"
70-->[androidx.test:core:1.5.0] AndroidManifest.xml:29:13-36
71            android:theme="@style/WhiteBackgroundTheme" >
71-->[androidx.test:core:1.5.0] AndroidManifest.xml:30:13-56
72            <intent-filter android:priority="-100" >
72-->[androidx.test:core:1.5.0] AndroidManifest.xml:31:13-33:29
72-->[androidx.test:core:1.5.0] AndroidManifest.xml:31:28-51
73                <category android:name="android.intent.category.LAUNCHER" />
73-->src/main/AndroidManifest.xml:24:17-77
73-->src/main/AndroidManifest.xml:24:27-74
74            </intent-filter>
75        </activity>
76        <activity
76-->[androidx.test:core:1.5.0] AndroidManifest.xml:35:9-42:20
77            android:name="androidx.test.core.app.InstrumentationActivityInvoker$EmptyActivity"
77-->[androidx.test:core:1.5.0] AndroidManifest.xml:36:13-95
78            android:exported="true"
78-->[androidx.test:core:1.5.0] AndroidManifest.xml:37:13-36
79            android:theme="@style/WhiteBackgroundTheme" >
79-->[androidx.test:core:1.5.0] AndroidManifest.xml:38:13-56
80            <intent-filter android:priority="-100" >
80-->[androidx.test:core:1.5.0] AndroidManifest.xml:31:13-33:29
80-->[androidx.test:core:1.5.0] AndroidManifest.xml:31:28-51
81                <category android:name="android.intent.category.LAUNCHER" />
81-->src/main/AndroidManifest.xml:24:17-77
81-->src/main/AndroidManifest.xml:24:27-74
82            </intent-filter>
83        </activity>
84        <activity
84-->[androidx.test:core:1.5.0] AndroidManifest.xml:43:9-50:20
85            android:name="androidx.test.core.app.InstrumentationActivityInvoker$EmptyFloatingActivity"
85-->[androidx.test:core:1.5.0] AndroidManifest.xml:44:13-103
86            android:exported="true"
86-->[androidx.test:core:1.5.0] AndroidManifest.xml:45:13-36
87            android:theme="@style/WhiteBackgroundDialogTheme" >
87-->[androidx.test:core:1.5.0] AndroidManifest.xml:46:13-62
88            <intent-filter android:priority="-100" >
88-->[androidx.test:core:1.5.0] AndroidManifest.xml:31:13-33:29
88-->[androidx.test:core:1.5.0] AndroidManifest.xml:31:28-51
89                <category android:name="android.intent.category.LAUNCHER" />
89-->src/main/AndroidManifest.xml:24:17-77
89-->src/main/AndroidManifest.xml:24:27-74
90            </intent-filter>
91        </activity>
92        <activity
92-->[androidx.compose.ui:ui-test-manifest:1.7.8] AndroidManifest.xml:23:9-25:39
93            android:name="androidx.activity.ComponentActivity"
93-->[androidx.compose.ui:ui-test-manifest:1.7.8] AndroidManifest.xml:24:13-63
94            android:exported="true" />
94-->[androidx.compose.ui:ui-test-manifest:1.7.8] AndroidManifest.xml:25:13-36
95
96        <receiver
96-->[androidx.profileinstaller:profileinstaller:1.4.0] AndroidManifest.xml:34:9-52:20
97            android:name="androidx.profileinstaller.ProfileInstallReceiver"
97-->[androidx.profileinstaller:profileinstaller:1.4.0] AndroidManifest.xml:35:13-76
98            android:directBootAware="false"
98-->[androidx.profileinstaller:profileinstaller:1.4.0] AndroidManifest.xml:36:13-44
99            android:enabled="true"
99-->[androidx.profileinstaller:profileinstaller:1.4.0] AndroidManifest.xml:37:13-35
100            android:exported="true"
100-->[androidx.profileinstaller:profileinstaller:1.4.0] AndroidManifest.xml:38:13-36
101            android:permission="android.permission.DUMP" >
101-->[androidx.profileinstaller:profileinstaller:1.4.0] AndroidManifest.xml:39:13-57
102            <intent-filter>
102-->[androidx.profileinstaller:profileinstaller:1.4.0] AndroidManifest.xml:40:13-42:29
103                <action android:name="androidx.profileinstaller.action.INSTALL_PROFILE" />
103-->[androidx.profileinstaller:profileinstaller:1.4.0] AndroidManifest.xml:41:17-91
103-->[androidx.profileinstaller:profileinstaller:1.4.0] AndroidManifest.xml:41:25-88
104            </intent-filter>
105            <intent-filter>
105-->[androidx.profileinstaller:profileinstaller:1.4.0] AndroidManifest.xml:43:13-45:29
106                <action android:name="androidx.profileinstaller.action.SKIP_FILE" />
106-->[androidx.profileinstaller:profileinstaller:1.4.0] AndroidManifest.xml:44:17-85
106-->[androidx.profileinstaller:profileinstaller:1.4.0] AndroidManifest.xml:44:25-82
107            </intent-filter>
108            <intent-filter>
108-->[androidx.profileinstaller:profileinstaller:1.4.0] AndroidManifest.xml:46:13-48:29
109                <action android:name="androidx.profileinstaller.action.SAVE_PROFILE" />
109-->[androidx.profileinstaller:profileinstaller:1.4.0] AndroidManifest.xml:47:17-88
109-->[androidx.profileinstaller:profileinstaller:1.4.0] AndroidManifest.xml:47:25-85
110            </intent-filter>
111            <intent-filter>
111-->[androidx.profileinstaller:profileinstaller:1.4.0] AndroidManifest.xml:49:13-51:29
112                <action android:name="androidx.profileinstaller.action.BENCHMARK_OPERATION" />
112-->[androidx.profileinstaller:profileinstaller:1.4.0] AndroidManifest.xml:50:17-95
112-->[androidx.profileinstaller:profileinstaller:1.4.0] AndroidManifest.xml:50:25-92
113            </intent-filter>
114        </receiver>
115    </application>
116
117</manifest>